{"/home/student039/frontend-project-46/src/index.js": {"path":"/home/student039/frontend-project-46/src/index.js","statementMap":{"0":{"start":{"line":5,"column":33},"end":{"line":5,"column":36}},"1":{"start":{"line":7,"column":16},"end":{"line":34,"column":1}},"2":{"start":{"line":8,"column":16},"end":{"line":8,"column":36}},"3":{"start":{"line":9,"column":16},"end":{"line":9,"column":36}},"4":{"start":{"line":11,"column":24},"end":{"line":30,"column":3}},"5":{"start":{"line":12,"column":17},"end":{"line":12,"column":67}},"6":{"start":{"line":13,"column":4},"end":{"line":29,"column":7}},"7":{"start":{"line":14,"column":6},"end":{"line":16,"column":7}},"8":{"start":{"line":15,"column":8},"end":{"line":15,"column":58}},"9":{"start":{"line":17,"column":6},"end":{"line":19,"column":7}},"10":{"start":{"line":18,"column":8},"end":{"line":18,"column":56}},"11":{"start":{"line":20,"column":21},"end":{"line":20,"column":30}},"12":{"start":{"line":21,"column":21},"end":{"line":21,"column":30}},"13":{"start":{"line":22,"column":6},"end":{"line":24,"column":7}},"14":{"start":{"line":23,"column":8},"end":{"line":23,"column":80}},"15":{"start":{"line":25,"column":6},"end":{"line":27,"column":7}},"16":{"start":{"line":26,"column":8},"end":{"line":26,"column":87}},"17":{"start":{"line":28,"column":6},"end":{"line":28,"column":55}},"18":{"start":{"line":32,"column":19},"end":{"line":32,"column":46}},"19":{"start":{"line":33,"column":2},"end":{"line":33,"column":27}}},"fnMap":{"0":{"name":"(anonymous_0)","decl":{"start":{"line":7,"column":16},"end":{"line":7,"column":17}},"loc":{"start":{"line":7,"column":42},"end":{"line":34,"column":1}},"line":7},"1":{"name":"(anonymous_1)","decl":{"start":{"line":11,"column":24},"end":{"line":11,"column":25}},"loc":{"start":{"line":11,"column":40},"end":{"line":30,"column":3}},"line":11},"2":{"name":"(anonymous_2)","decl":{"start":{"line":13,"column":20},"end":{"line":13,"column":21}},"loc":{"start":{"line":13,"column":29},"end":{"line":29,"column":5}},"line":13}},"branchMap":{"0":{"loc":{"start":{"line":14,"column":6},"end":{"line":16,"column":7}},"type":"if","locations":[{"start":{"line":14,"column":6},"end":{"line":16,"column":7}},{"start":{},"end":{}}],"line":14},"1":{"loc":{"start":{"line":17,"column":6},"end":{"line":19,"column":7}},"type":"if","locations":[{"start":{"line":17,"column":6},"end":{"line":19,"column":7}},{"start":{},"end":{}}],"line":17},"2":{"loc":{"start":{"line":22,"column":6},"end":{"line":24,"column":7}},"type":"if","locations":[{"start":{"line":22,"column":6},"end":{"line":24,"column":7}},{"start":{},"end":{}}],"line":22},"3":{"loc":{"start":{"line":22,"column":10},"end":{"line":22,"column":46}},"type":"binary-expr","locations":[{"start":{"line":22,"column":10},"end":{"line":22,"column":26}},{"start":{"line":22,"column":30},"end":{"line":22,"column":46}}],"line":22},"4":{"loc":{"start":{"line":25,"column":6},"end":{"line":27,"column":7}},"type":"if","locations":[{"start":{"line":25,"column":6},"end":{"line":27,"column":7}},{"start":{},"end":{}}],"line":25}},"s":{"0":1,"1":1,"2":1,"3":1,"4":1,"5":3,"6":3,"7":14,"8":2,"9":12,"10":5,"11":7,"12":7,"13":7,"14":2,"15":5,"16":3,"17":2,"18":1,"19":1},"f":{"0":1,"1":3,"2":14},"b":{"0":[2,12],"1":[5,7],"2":[2,5],"3":[7,3],"4":[3,2]},"_coverageSchema":"1a1c01bbd47fc00a2c39e90264f33305004495a9","hash":"29f1cf28343f15cdf8818ab1b762444a3cb981ec"}
,"/home/student039/frontend-project-46/src/parsers.js": {"path":"/home/student039/frontend-project-46/src/parsers.js","statementMap":{"0":{"start":{"line":5,"column":18},"end":{"line":16,"column":1}},"1":{"start":{"line":6,"column":14},"end":{"line":6,"column":36}},"2":{"start":{"line":7,"column":15},"end":{"line":7,"column":49}},"3":{"start":{"line":9,"column":2},"end":{"line":11,"column":3}},"4":{"start":{"line":10,"column":4},"end":{"line":10,"column":28}},"5":{"start":{"line":12,"column":2},"end":{"line":14,"column":3}},"6":{"start":{"line":13,"column":4},"end":{"line":13,"column":27}},"7":{"start":{"line":15,"column":2},"end":{"line":15,"column":53}}},"fnMap":{"0":{"name":"(anonymous_0)","decl":{"start":{"line":5,"column":18},"end":{"line":5,"column":19}},"loc":{"start":{"line":5,"column":32},"end":{"line":16,"column":1}},"line":5}},"branchMap":{"0":{"loc":{"start":{"line":9,"column":2},"end":{"line":11,"column":3}},"type":"if","locations":[{"start":{"line":9,"column":2},"end":{"line":11,"column":3}},{"start":{},"end":{}}],"line":9},"1":{"loc":{"start":{"line":12,"column":2},"end":{"line":14,"column":3}},"type":"if","locations":[{"start":{"line":12,"column":2},"end":{"line":14,"column":3}},{"start":{},"end":{}}],"line":12},"2":{"loc":{"start":{"line":12,"column":6},"end":{"line":12,"column":39}},"type":"binary-expr","locations":[{"start":{"line":12,"column":6},"end":{"line":12,"column":20}},{"start":{"line":12,"column":24},"end":{"line":12,"column":39}}],"line":12}},"s":{"0":1,"1":2,"2":2,"3":2,"4":2,"5":0,"6":0,"7":0},"f":{"0":2},"b":{"0":[2,0],"1":[0,0],"2":[0,0]},"_coverageSchema":"1a1c01bbd47fc00a2c39e90264f33305004495a9","hash":"bd402052b5158e82f15479371104bb2dc7d09166"}
,"/home/student039/frontend-project-46/src/stylish.js": {"path":"/home/student039/frontend-project-46/src/stylish.js","statementMap":{"0":{"start":{"line":1,"column":18},"end":{"line":1,"column":50}},"1":{"start":{"line":1,"column":29},"end":{"line":1,"column":50}},"2":{"start":{"line":3,"column":17},"end":{"line":3,"column":96}},"3":{"start":{"line":3,"column":28},"end":{"line":3,"column":96}},"4":{"start":{"line":5,"column":18},"end":{"line":13,"column":1}},"5":{"start":{"line":6,"column":2},"end":{"line":6,"column":45}},"6":{"start":{"line":6,"column":24},"end":{"line":6,"column":45}},"7":{"start":{"line":8,"column":17},"end":{"line":8,"column":37}},"8":{"start":{"line":9,"column":24},"end":{"line":9,"column":40}},"9":{"start":{"line":11,"column":18},"end":{"line":11,"column":108}},"10":{"start":{"line":11,"column":60},"end":{"line":11,"column":107}},"11":{"start":{"line":12,"column":2},"end":{"line":12,"column":55}},"12":{"start":{"line":15,"column":16},"end":{"line":39,"column":1}},"13":{"start":{"line":16,"column":15},"end":{"line":36,"column":15}},"14":{"start":{"line":16,"column":39},"end":{"line":36,"column":15}},"15":{"start":{"line":19,"column":8},"end":{"line":19,"column":12}},"16":{"start":{"line":20,"column":19},"end":{"line":20,"column":42}},"17":{"start":{"line":22,"column":4},"end":{"line":35,"column":5}},"18":{"start":{"line":24,"column":8},"end":{"line":24,"column":70}},"19":{"start":{"line":26,"column":8},"end":{"line":26,"column":70}},"20":{"start":{"line":28,"column":8},"end":{"line":28,"column":142}},"21":{"start":{"line":30,"column":8},"end":{"line":30,"column":70}},"22":{"start":{"line":32,"column":8},"end":{"line":32,"column":85}},"23":{"start":{"line":34,"column":8},"end":{"line":34,"column":49}},"24":{"start":{"line":38,"column":2},"end":{"line":38,"column":42}}},"fnMap":{"0":{"name":"(anonymous_0)","decl":{"start":{"line":1,"column":18},"end":{"line":1,"column":19}},"loc":{"start":{"line":1,"column":29},"end":{"line":1,"column":50}},"line":1},"1":{"name":"(anonymous_1)","decl":{"start":{"line":3,"column":17},"end":{"line":3,"column":18}},"loc":{"start":{"line":3,"column":28},"end":{"line":3,"column":96}},"line":3},"2":{"name":"(anonymous_2)","decl":{"start":{"line":5,"column":18},"end":{"line":5,"column":19}},"loc":{"start":{"line":5,"column":36},"end":{"line":13,"column":1}},"line":5},"3":{"name":"(anonymous_3)","decl":{"start":{"line":11,"column":44},"end":{"line":11,"column":45}},"loc":{"start":{"line":11,"column":60},"end":{"line":11,"column":107}},"line":11},"4":{"name":"(anonymous_4)","decl":{"start":{"line":15,"column":16},"end":{"line":15,"column":17}},"loc":{"start":{"line":15,"column":41},"end":{"line":39,"column":1}},"line":15},"5":{"name":"(anonymous_5)","decl":{"start":{"line":16,"column":15},"end":{"line":16,"column":16}},"loc":{"start":{"line":16,"column":39},"end":{"line":36,"column":15}},"line":16},"6":{"name":"(anonymous_6)","decl":{"start":{"line":16,"column":48},"end":{"line":16,"column":49}},"loc":{"start":{"line":16,"column":58},"end":{"line":36,"column":3}},"line":16}},"branchMap":{"0":{"loc":{"start":{"line":3,"column":28},"end":{"line":3,"column":96}},"type":"binary-expr","locations":[{"start":{"line":3,"column":28},"end":{"line":3,"column":42}},{"start":{"line":3,"column":46},"end":{"line":3,"column":71}},{"start":{"line":3,"column":75},"end":{"line":3,"column":96}}],"line":3},"1":{"loc":{"start":{"line":6,"column":2},"end":{"line":6,"column":45}},"type":"if","locations":[{"start":{"line":6,"column":2},"end":{"line":6,"column":45}},{"start":{},"end":{}}],"line":6},"2":{"loc":{"start":{"line":15,"column":27},"end":{"line":15,"column":36}},"type":"default-arg","locations":[{"start":{"line":15,"column":35},"end":{"line":15,"column":36}}],"line":15},"3":{"loc":{"start":{"line":22,"column":4},"end":{"line":35,"column":5}},"type":"switch","locations":[{"start":{"line":23,"column":6},"end":{"line":24,"column":70}},{"start":{"line":25,"column":6},"end":{"line":26,"column":70}},{"start":{"line":27,"column":6},"end":{"line":28,"column":142}},{"start":{"line":29,"column":6},"end":{"line":30,"column":70}},{"start":{"line":31,"column":6},"end":{"line":32,"column":85}},{"start":{"line":33,"column":6},"end":{"line":34,"column":49}}],"line":22}},"s":{"0":1,"1":32,"2":1,"3":28,"4":1,"5":28,"6":19,"7":9,"8":9,"9":9,"10":13,"11":9,"12":1,"13":1,"14":3,"15":14,"16":14,"17":14,"18":5,"19":2,"20":3,"21":2,"22":2,"23":0,"24":1},"f":{"0":32,"1":28,"2":28,"3":13,"4":1,"5":3,"6":14},"b":{"0":[28,27,9],"1":[19,9],"2":[1],"3":[5,2,3,2,2,0]},"_coverageSchema":"1a1c01bbd47fc00a2c39e90264f33305004495a9","hash":"a12e32e3a886337f6f1dc8ceb33ea582af8325cb"}
}
