TN:
SF:src/index.js
FN:7,(anonymous_0)
FN:11,(anonymous_1)
FN:13,(anonymous_2)
FNF:3
FNH:3
FNDA:1,(anonymous_0)
FNDA:3,(anonymous_1)
FNDA:14,(anonymous_2)
DA:5,1
DA:7,1
DA:8,1
DA:9,1
DA:11,1
DA:12,3
DA:13,3
DA:14,14
DA:15,2
DA:17,12
DA:18,5
DA:20,7
DA:21,7
DA:22,7
DA:23,2
DA:25,5
DA:26,3
DA:28,2
DA:32,1
DA:33,1
LF:20
LH:20
BRDA:14,0,0,2
BRDA:14,0,1,12
BRDA:17,1,0,5
BRDA:17,1,1,7
BRDA:22,2,0,2
BRDA:22,2,1,5
BRDA:22,3,0,7
BRDA:22,3,1,3
BRDA:25,4,0,3
BRDA:25,4,1,2
BRF:10
BRH:10
end_of_record
TN:
SF:src/parsers.js
FN:5,(anonymous_0)
FNF:1
FNH:1
FNDA:2,(anonymous_0)
DA:5,1
DA:6,2
DA:7,2
DA:9,2
DA:10,2
DA:12,0
DA:13,0
DA:15,0
LF:8
LH:5
BRDA:9,0,0,2
BRDA:9,0,1,0
BRDA:12,1,0,0
BRDA:12,1,1,0
BRDA:12,2,0,0
BRDA:12,2,1,0
BRF:6
BRH:1
end_of_record
TN:
SF:src/stylish.js
FN:1,(anonymous_0)
FN:3,(anonymous_1)
FN:5,(anonymous_2)
FN:11,(anonymous_3)
FN:15,(anonymous_4)
FN:16,(anonymous_5)
FN:16,(anonymous_6)
FNF:7
FNH:7
FNDA:32,(anonymous_0)
FNDA:28,(anonymous_1)
FNDA:28,(anonymous_2)
FNDA:13,(anonymous_3)
FNDA:1,(anonymous_4)
FNDA:3,(anonymous_5)
FNDA:14,(anonymous_6)
DA:1,32
DA:3,28
DA:5,1
DA:6,28
DA:8,9
DA:9,9
DA:11,13
DA:12,9
DA:15,1
DA:16,3
DA:19,14
DA:20,14
DA:22,14
DA:24,5
DA:26,2
DA:28,3
DA:30,2
DA:32,2
DA:34,0
DA:38,1
LF:20
LH:19
BRDA:3,0,0,28
BRDA:3,0,1,27
BRDA:3,0,2,9
BRDA:6,1,0,19
BRDA:6,1,1,9
BRDA:15,2,0,1
BRDA:22,3,0,5
BRDA:22,3,1,2
BRDA:22,3,2,3
BRDA:22,3,3,2
BRDA:22,3,4,2
BRDA:22,3,5,0
BRF:12
BRH:11
end_of_record
